2025-07-17 13:54:04,901 INFO o.a.j.u.JMeterUtils: Setting Locale to en_EN
2025-07-17 13:54:04,921 INFO o.a.j.JMeter: Loading user properties from: G:\JMeter\apache-jmeter-5.6.3\bin\user.properties
2025-07-17 13:54:04,922 INFO o.a.j.JMeter: Loading system properties from: G:\JMeter\apache-jmeter-5.6.3\bin\system.properties
2025-07-17 13:54:04,929 INFO o.a.j.JMeter: Copyright (c) 1998-2024 The Apache Software Foundation
2025-07-17 13:54:04,930 INFO o.a.j.JMeter: Version 5.6.3
2025-07-17 13:54:04,930 INFO o.a.j.JMeter: java.version=17.0.12
2025-07-17 13:54:04,930 INFO o.a.j.JMeter: java.vm.name=Java HotSpot(TM) 64-Bit Server VM
2025-07-17 13:54:04,930 INFO o.a.j.JMeter: os.name=Windows 10
2025-07-17 13:54:04,930 INFO o.a.j.JMeter: os.arch=amd64
2025-07-17 13:54:04,930 INFO o.a.j.JMeter: os.version=10.0
2025-07-17 13:54:04,930 INFO o.a.j.JMeter: file.encoding=Cp1252
2025-07-17 13:54:04,930 INFO o.a.j.JMeter: java.awt.headless=true
2025-07-17 13:54:04,930 INFO o.a.j.JMeter: Max memory     =1073741824
2025-07-17 13:54:04,930 INFO o.a.j.JMeter: Available Processors =8
2025-07-17 13:54:04,942 INFO o.a.j.JMeter: Default Locale=English (EN)
2025-07-17 13:54:04,943 INFO o.a.j.JMeter: JMeter  Locale=English (EN)
2025-07-17 13:54:04,943 INFO o.a.j.JMeter: JMeterHome=G:\JMeter\apache-jmeter-5.6.3
2025-07-17 13:54:04,943 INFO o.a.j.JMeter: user.dir  =F:\QA Projects\dMoney_Jmeter-API-chaining
2025-07-17 13:54:04,943 INFO o.a.j.JMeter: PWD       =F:\QA Projects\dMoney_Jmeter-API-chaining
2025-07-17 13:54:20,543 INFO o.a.j.JMeter: IP: 192.168.56.1 Name: Desktop-Ci310thG FullName: Desktop-Ci310thG
2025-07-17 13:54:20,553 INFO o.a.j.JMeter: Setting property 'jmeter.reportgenerator.outputdir' to:'F:\QA Projects\dMoney_Jmeter-API-chaining\Reports'
2025-07-17 13:54:20,556 INFO o.a.j.s.FileServer: Default base='F:\QA Projects\dMoney_Jmeter-API-chaining'
2025-07-17 13:54:20,558 INFO o.a.j.s.FileServer: Set new base='F:\QA Projects\dMoney_Jmeter-API-chaining\.'
2025-07-17 13:54:20,721 INFO o.a.j.s.SaveService: Testplan (JMX) version: 2.2. Testlog (JTL) version: 2.2
2025-07-17 13:54:20,741 INFO o.a.j.s.SaveService: Using SaveService properties version 5.0
2025-07-17 13:54:20,744 INFO o.a.j.s.SaveService: Using SaveService properties file encoding UTF-8
2025-07-17 13:54:20,746 INFO o.a.j.s.SaveService: Loading file: .\dmoney.jmx
2025-07-17 13:54:20,797 INFO o.a.j.p.h.s.HTTPSamplerBase: Parser for text/html is org.apache.jmeter.protocol.http.parser.LagartoBasedHtmlParser
2025-07-17 13:54:20,797 INFO o.a.j.p.h.s.HTTPSamplerBase: Parser for application/xhtml+xml is org.apache.jmeter.protocol.http.parser.LagartoBasedHtmlParser
2025-07-17 13:54:20,797 INFO o.a.j.p.h.s.HTTPSamplerBase: Parser for application/xml is org.apache.jmeter.protocol.http.parser.LagartoBasedHtmlParser
2025-07-17 13:54:20,797 INFO o.a.j.p.h.s.HTTPSamplerBase: Parser for text/xml is org.apache.jmeter.protocol.http.parser.LagartoBasedHtmlParser
2025-07-17 13:54:20,797 INFO o.a.j.p.h.s.HTTPSamplerBase: Parser for text/vnd.wap.wml is org.apache.jmeter.protocol.http.parser.RegexpHTMLParser
2025-07-17 13:54:20,797 INFO o.a.j.p.h.s.HTTPSamplerBase: Parser for text/css is org.apache.jmeter.protocol.http.parser.CssParser
2025-07-17 13:54:20,841 INFO o.a.j.JMeter: Creating summariser <summary>
2025-07-17 13:54:20,845 INFO o.a.j.r.d.ReportGenerator: ReportGenerator will use for Parsing the separator: ','
2025-07-17 13:54:20,845 INFO o.a.j.r.d.ReportGenerator: Will generate report at end of test from  results file: .\dmoney.jtl
2025-07-17 13:54:20,845 INFO o.a.j.r.d.ReportGenerator: Reading report generator properties from: G:\JMeter\apache-jmeter-5.6.3\bin\reportgenerator.properties
2025-07-17 13:54:20,887 INFO o.a.j.r.d.ReportGenerator: Merging with JMeter properties
2025-07-17 13:54:20,907 INFO o.a.j.r.c.ReportGeneratorConfiguration: Property 'jmeter.reportgenerator.temp_dir' not found, using default value 'temp' instead.
2025-07-17 13:54:20,911 INFO o.a.j.r.c.ReportGeneratorConfiguration: Property 'jmeter.reportgenerator.apdex_per_transaction' not found, using default value 'null' instead.
2025-07-17 13:54:20,911 INFO o.a.j.r.c.ReportGeneratorConfiguration: apdex_per_transaction is empty, not APDEX per transaction customization
2025-07-17 13:54:20,911 INFO o.a.j.r.c.ReportGeneratorConfiguration: Property 'jmeter.reportgenerator.sample_filter' not found, using default value 'null' instead.
2025-07-17 13:54:20,911 INFO o.a.j.r.c.ReportGeneratorConfiguration: Property 'jmeter.reportgenerator.report_title' not found, using default value 'null' instead.
2025-07-17 13:54:20,912 INFO o.a.j.r.c.ReportGeneratorConfiguration: Property 'jmeter.reportgenerator.start_date' not found, using default value 'null' instead.
2025-07-17 13:54:20,912 INFO o.a.j.r.c.ReportGeneratorConfiguration: Property 'jmeter.reportgenerator.end_date' not found, using default value 'null' instead.
2025-07-17 13:54:20,912 INFO o.a.j.r.c.ReportGeneratorConfiguration: Property 'jmeter.reportgenerator.date_format' not found, using default value 'null' instead.
2025-07-17 13:54:20,912 INFO o.a.j.r.c.ReportGeneratorConfiguration: Will use date range start date: null, end date: null
2025-07-17 13:54:20,924 INFO o.a.j.r.c.ReportGeneratorConfiguration: Property 'jmeter.reportgenerator.graph.totalTPS.exclude_controllers' not found, using default value 'false' instead.
2025-07-17 13:54:20,924 INFO o.a.j.r.c.ReportGeneratorConfiguration: Property 'jmeter.reportgenerator.graph.activeThreadsOverTime.exclude_controllers' not found, using default value 'false' instead.
2025-07-17 13:54:20,924 INFO o.a.j.r.c.ReportGeneratorConfiguration: Property 'jmeter.reportgenerator.graph.timeVsThreads.exclude_controllers' not found, using default value 'false' instead.
2025-07-17 13:54:20,924 INFO o.a.j.r.c.ReportGeneratorConfiguration: Property 'jmeter.reportgenerator.graph.responseTimeDistribution.exclude_controllers' not found, using default value 'false' instead.
2025-07-17 13:54:20,924 INFO o.a.j.r.c.ReportGeneratorConfiguration: Property 'jmeter.reportgenerator.graph.transactionsPerSecond.exclude_controllers' not found, using default value 'false' instead.
2025-07-17 13:54:20,925 INFO o.a.j.r.c.ReportGeneratorConfiguration: Property 'jmeter.reportgenerator.graph.responseTimePercentiles.exclude_controllers' not found, using default value 'false' instead.
2025-07-17 13:54:20,925 INFO o.a.j.r.c.ReportGeneratorConfiguration: Property 'jmeter.reportgenerator.graph.responseTimePercentilesOverTime.exclude_controllers' not found, using default value 'false' instead.
2025-07-17 13:54:20,925 INFO o.a.j.r.c.ReportGeneratorConfiguration: Property 'jmeter.reportgenerator.graph.responseTimesOverTime.exclude_controllers' not found, using default value 'false' instead.
2025-07-17 13:54:20,925 INFO o.a.j.r.c.ReportGeneratorConfiguration: Property 'jmeter.reportgenerator.graph.connectTimeOverTime.exclude_controllers' not found, using default value 'false' instead.
2025-07-17 13:54:20,925 INFO o.a.j.r.c.ReportGeneratorConfiguration: Property 'jmeter.reportgenerator.graph.latenciesOverTime.exclude_controllers' not found, using default value 'false' instead.
2025-07-17 13:54:20,926 INFO o.a.j.r.c.ReportGeneratorConfiguration: Property 'jmeter.reportgenerator.exporter.json.filters_only_sample_series' not found, using default value 'true' instead.
2025-07-17 13:54:20,926 INFO o.a.j.r.c.ReportGeneratorConfiguration: Property 'jmeter.reportgenerator.exporter.json.series_filter' not found, using default value '' instead.
2025-07-17 13:54:20,927 INFO o.a.j.r.c.ReportGeneratorConfiguration: Property 'jmeter.reportgenerator.exporter.json.show_controllers_only' not found, using default value 'false' instead.
2025-07-17 13:54:20,928 INFO o.a.j.r.c.ReportGeneratorConfiguration: Property 'jmeter.reportgenerator.exporter.html.filters_only_sample_series' not found, using default value 'true' instead.
2025-07-17 13:54:20,928 INFO o.a.j.r.c.ReportGeneratorConfiguration: Property 'jmeter.reportgenerator.exporter.html.series_filter' not found, using default value '' instead.
2025-07-17 13:54:20,928 INFO o.a.j.r.c.ReportGeneratorConfiguration: Property 'jmeter.reportgenerator.exporter.html.show_controllers_only' not found, using default value 'false' instead.
2025-07-17 13:54:21,105 INFO o.a.j.e.StandardJMeterEngine: Running the test!
2025-07-17 13:54:21,111 INFO o.a.j.s.SampleEvent: List of sample_variables: []
2025-07-17 13:54:21,112 INFO o.a.j.s.SampleEvent: List of sample_variables: []
2025-07-17 13:54:21,115 INFO o.a.j.e.u.CompoundVariable: Note: Function class names must contain the string: '.functions.'
2025-07-17 13:54:21,116 INFO o.a.j.e.u.CompoundVariable: Note: Function class names must not contain the string: '.gui.'
2025-07-17 13:54:21,211 INFO o.a.j.r.ClassFinder: Will scan jar G:\JMeter\apache-jmeter-5.6.3\lib\ext\javafaker-1.0.2.jar with filter ExtendsClassFilter [parents=[interface org.apache.jmeter.functions.Function], inner=false, contains=null, notContains=null]. Consider exposing JMeter plugins via META-INF/services, and add JMeter-Skip-Class-Scanning=true manifest attribute so JMeter can skip classfile scanning
2025-07-17 13:54:21,302 INFO o.a.j.JMeter: Running test (1752738861302)
2025-07-17 13:54:21,322 INFO o.a.j.e.StandardJMeterEngine: Starting ThreadGroup: 1 : Agent Deposit
2025-07-17 13:54:21,322 INFO o.a.j.e.StandardJMeterEngine: Starting 1 threads for group Agent Deposit.
2025-07-17 13:54:21,322 INFO o.a.j.e.StandardJMeterEngine: Thread will continue on error
2025-07-17 13:54:21,322 INFO o.a.j.t.ThreadGroup: Starting thread group... number=1 threads=1 ramp-up=5 delayedStart=false
2025-07-17 13:54:21,325 INFO o.a.j.t.ThreadGroup: Started thread group number 1
2025-07-17 13:54:21,326 INFO o.a.j.e.StandardJMeterEngine: Starting ThreadGroup: 2 : Customer Send Money
2025-07-17 13:54:21,326 INFO o.a.j.e.StandardJMeterEngine: Starting 1 threads for group Customer Send Money.
2025-07-17 13:54:21,326 INFO o.a.j.e.StandardJMeterEngine: Thread will continue on error
2025-07-17 13:54:21,326 INFO o.a.j.t.ThreadGroup: Starting thread group... number=2 threads=1 ramp-up=5 delayedStart=false
2025-07-17 13:54:21,328 INFO o.a.j.t.ThreadGroup: Started thread group number 2
2025-07-17 13:54:21,328 INFO o.a.j.e.StandardJMeterEngine: Starting ThreadGroup: 3 : Merchant Payment
2025-07-17 13:54:21,328 INFO o.a.j.e.StandardJMeterEngine: Starting 1 threads for group Merchant Payment.
2025-07-17 13:54:21,328 INFO o.a.j.e.StandardJMeterEngine: Thread will continue on error
2025-07-17 13:54:21,328 INFO o.a.j.t.ThreadGroup: Starting thread group... number=3 threads=1 ramp-up=5 delayedStart=false
2025-07-17 13:54:21,329 INFO o.a.j.t.ThreadGroup: Started thread group number 3
2025-07-17 13:54:21,329 INFO o.a.j.e.StandardJMeterEngine: All thread groups have been started
2025-07-17 13:54:21,364 INFO o.a.j.t.JMeterThread: Thread started: Merchant Payment 3-1
2025-07-17 13:54:21,364 INFO o.a.j.t.JMeterThread: Thread started: Customer Send Money 2-1
2025-07-17 13:54:21,364 INFO o.a.j.t.JMeterThread: Thread started: Agent Deposit 1-1
2025-07-17 13:54:21,397 INFO o.a.j.p.h.s.HTTPHCAbstractImpl: Local host = Desktop-Ci310thG
2025-07-17 13:54:21,401 INFO o.a.j.p.h.s.HTTPHC4Impl: HTTP request retry count = 0
2025-07-17 13:54:21,402 INFO o.a.j.s.SampleResult: Note: Sample TimeStamps are START times
2025-07-17 13:54:21,403 INFO o.a.j.s.SampleResult: sampleresult.default.encoding is set to UTF-8
2025-07-17 13:54:21,403 INFO o.a.j.s.SampleResult: sampleresult.useNanoTime=true
2025-07-17 13:54:21,403 INFO o.a.j.s.SampleResult: sampleresult.nanoThreadSleep=5000
2025-07-17 13:54:23,455 INFO o.a.j.s.FileServer: Stored: G:/JMeter/apache-jmeter-5.6.3/bin/JMeter_API_Chaining/sendMoney.csv
2025-07-17 13:54:23,484 INFO o.a.j.s.FileServer: Stored: G:/JMeter/apache-jmeter-5.6.3/bin/JMeter_API_Chaining/payment.csv
2025-07-17 13:54:23,485 INFO o.a.j.s.FileServer: Stored: G:/JMeter/apache-jmeter-5.6.3/bin/JMeter_API_Chaining/deposit.csv
2025-07-17 13:54:24,237 INFO o.a.j.t.JMeterThread: Thread is done: Merchant Payment 3-1
2025-07-17 13:54:24,238 INFO o.a.j.t.JMeterThread: Thread finished: Merchant Payment 3-1
2025-07-17 13:54:24,421 INFO o.a.j.t.JMeterThread: Thread is done: Agent Deposit 1-1
2025-07-17 13:54:24,421 INFO o.a.j.t.JMeterThread: Thread finished: Agent Deposit 1-1
2025-07-17 13:54:24,599 INFO o.a.j.t.JMeterThread: Thread is done: Customer Send Money 2-1
2025-07-17 13:54:24,599 INFO o.a.j.t.JMeterThread: Thread finished: Customer Send Money 2-1
2025-07-17 13:54:24,600 INFO o.a.j.e.StandardJMeterEngine: Notifying test listeners of end of test
2025-07-17 13:54:24,601 INFO o.a.j.s.FileServer: Close: G:/JMeter/apache-jmeter-5.6.3/bin/JMeter_API_Chaining/sendMoney.csv
2025-07-17 13:54:24,605 INFO o.a.j.s.FileServer: Close: G:/JMeter/apache-jmeter-5.6.3/bin/JMeter_API_Chaining/payment.csv
2025-07-17 13:54:24,606 INFO o.a.j.s.FileServer: Close: G:/JMeter/apache-jmeter-5.6.3/bin/JMeter_API_Chaining/deposit.csv
2025-07-17 13:54:24,627 INFO o.a.j.r.Summariser: summary =     28 in 00:00:03 =    8.5/s Avg:   306 Min:    26 Max:  1935 Err:    15 (53.57%)
2025-07-17 13:54:24,628 INFO o.a.j.JMeter: Generating Dashboard
2025-07-17 13:54:24,628 INFO o.a.j.r.d.ReportGenerator: Flushing result collector before report Generation
2025-07-17 13:54:24,649 INFO o.a.j.r.p.NormalizerSampleConsumer: Using format, 'ms', to parse timeStamp field
2025-07-17 13:54:25,167 INFO o.a.j.r.p.AbstractSampleConsumer: class org.apache.jmeter.report.processor.AggregateConsumer#stopProducing(): beginDate produced 0 samples
2025-07-17 13:54:25,168 INFO o.a.j.r.p.AbstractSampleConsumer: class org.apache.jmeter.report.processor.AggregateConsumer#stopProducing(): endDate produced 0 samples
2025-07-17 13:54:25,169 INFO o.a.j.r.p.AbstractSampleConsumer: class org.apache.jmeter.report.processor.ApdexSummaryConsumer#stopProducing(): apdexSummary produced 0 samples
2025-07-17 13:54:25,169 INFO o.a.j.r.p.AbstractSampleConsumer: class org.apache.jmeter.report.processor.RequestsSummaryConsumer#stopProducing(): requestsSummary produced 0 samples
2025-07-17 13:54:25,173 INFO o.a.j.r.p.AbstractSampleConsumer: class org.apache.jmeter.report.processor.StatisticsSummaryConsumer#stopProducing(): statisticsSummary produced 0 samples
2025-07-17 13:54:25,242 INFO o.a.j.r.p.AbstractSampleConsumer: class org.apache.jmeter.report.processor.Top5ErrorsBySamplerConsumer#stopProducing(): top5ErrorsBySampler produced 0 samples
2025-07-17 13:54:25,242 INFO o.a.j.r.p.AbstractSampleConsumer: class org.apache.jmeter.report.processor.ErrorsSummaryConsumer#stopProducing(): errorsSummary produced 0 samples
2025-07-17 13:54:25,242 INFO o.a.j.r.p.AbstractSampleConsumer: class org.apache.jmeter.report.processor.graph.impl.HitsPerSecondGraphConsumer#stopProducing(): hitsPerSecond produced 0 samples
2025-07-17 13:54:25,338 INFO o.a.j.r.p.AbstractSampleConsumer: class org.apache.jmeter.report.processor.graph.impl.LatencyVSRequestGraphConsumer#stopProducing(): latencyVsRequest produced 0 samples
2025-07-17 13:54:25,338 INFO o.a.j.r.p.AbstractSampleConsumer: class org.apache.jmeter.report.processor.graph.impl.SyntheticResponseTimeDistributionGraphConsumer#stopProducing(): syntheticResponseTimeDistribution produced 0 samples
2025-07-17 13:54:25,339 INFO o.a.j.r.p.AbstractSampleConsumer: class org.apache.jmeter.report.processor.graph.impl.BytesThroughputGraphConsumer#stopProducing(): bytesThroughputOverTime produced 0 samples
2025-07-17 13:54:25,339 INFO o.a.j.r.p.AbstractSampleConsumer: class org.apache.jmeter.report.processor.graph.impl.CodesPerSecondGraphConsumer#stopProducing(): codesPerSecond produced 0 samples
2025-07-17 13:54:25,343 INFO o.a.j.r.p.AbstractSampleConsumer: class org.apache.jmeter.report.processor.graph.impl.ResponseTimeVSRequestGraphConsumer#stopProducing(): responseTimeVsRequest produced 0 samples
2025-07-17 13:54:25,343 INFO o.a.j.r.p.AbstractSampleConsumer: class org.apache.jmeter.report.processor.FilterConsumer#stopProducing(): startIntervalControlerFilter produced 196 samples
2025-07-17 13:54:25,343 INFO o.a.j.r.p.AbstractSampleConsumer: class org.apache.jmeter.report.processor.graph.impl.TotalTPSGraphConsumer#stopProducing(): totalTPS produced 0 samples
2025-07-17 13:54:25,343 INFO o.a.j.r.p.AbstractSampleConsumer: class org.apache.jmeter.report.processor.graph.impl.ActiveThreadsGraphConsumer#stopProducing(): activeThreadsOverTime produced 0 samples
2025-07-17 13:54:25,343 INFO o.a.j.r.p.AbstractSampleConsumer: class org.apache.jmeter.report.processor.graph.impl.TimeVSThreadGraphConsumer#stopProducing(): timeVsThreads produced 0 samples
2025-07-17 13:54:25,343 INFO o.a.j.r.p.AbstractSampleConsumer: class org.apache.jmeter.report.processor.graph.impl.ResponseTimeDistributionGraphConsumer#stopProducing(): responseTimeDistribution produced 0 samples
2025-07-17 13:54:25,343 INFO o.a.j.r.p.AbstractSampleConsumer: class org.apache.jmeter.report.processor.graph.impl.TransactionsPerSecondGraphConsumer#stopProducing(): transactionsPerSecond produced 0 samples
2025-07-17 13:54:25,344 INFO o.a.j.r.p.AbstractSampleConsumer: class org.apache.jmeter.report.processor.graph.impl.ResponseTimePercentilesGraphConsumer#stopProducing(): responseTimePercentiles produced 0 samples
2025-07-17 13:54:25,344 INFO o.a.j.r.p.AbstractSampleConsumer: class org.apache.jmeter.report.processor.graph.impl.ResponseTimePercentilesOverTimeGraphConsumer#stopProducing(): responseTimePercentilesOverTime produced 0 samples
2025-07-17 13:54:25,345 INFO o.a.j.r.p.AbstractSampleConsumer: class org.apache.jmeter.report.processor.graph.impl.ResponseTimeOverTimeGraphConsumer#stopProducing(): responseTimesOverTime produced 0 samples
2025-07-17 13:54:25,345 INFO o.a.j.r.p.AbstractSampleConsumer: class org.apache.jmeter.report.processor.graph.impl.ConnectTimeOverTimeGraphConsumer#stopProducing(): connectTimeOverTime produced 0 samples
2025-07-17 13:54:25,345 INFO o.a.j.r.p.AbstractSampleConsumer: class org.apache.jmeter.report.processor.graph.impl.LatencyOverTimeGraphConsumer#stopProducing(): latenciesOverTime produced 0 samples
2025-07-17 13:54:25,345 INFO o.a.j.r.p.AbstractSampleConsumer: class org.apache.jmeter.report.processor.FilterConsumer#stopProducing(): nameFilter produced 420 samples
2025-07-17 13:54:25,345 INFO o.a.j.r.p.AbstractSampleConsumer: class org.apache.jmeter.report.processor.FilterConsumer#stopProducing(): dateRangeFilter produced 84 samples
2025-07-17 13:54:25,345 INFO o.a.j.r.p.AbstractSampleConsumer: class org.apache.jmeter.report.processor.NormalizerSampleConsumer#stopProducing(): normalizer produced 28 samples
2025-07-17 13:54:25,345 INFO o.a.j.r.p.CsvFileSampleSource: produce(): 28 samples produced in 668ms on channel 0
2025-07-17 13:54:25,345 INFO o.a.j.r.d.ReportGenerator: Exporting data using exporter:'json' of className:'org.apache.jmeter.report.dashboard.JsonExporter'
2025-07-17 13:54:25,416 INFO o.a.j.r.d.JsonExporter: Found data for consumer statisticsSummary in context
2025-07-17 13:54:25,416 INFO o.a.j.r.d.JsonExporter: Creating statistics for overall
2025-07-17 13:54:25,417 INFO o.a.j.r.d.JsonExporter: Creating statistics for other transactions
2025-07-17 13:54:25,417 INFO o.a.j.r.d.JsonExporter: Checking output folder
2025-07-17 13:54:25,418 INFO o.a.j.r.d.JsonExporter: Writing statistics JSON to F:\QA Projects\dMoney_Jmeter-API-chaining\Reports\statistics.json
2025-07-17 13:54:25,489 INFO o.a.j.r.d.ReportGenerator: Exporting data using exporter:'html' of className:'org.apache.jmeter.report.dashboard.HtmlTemplateExporter'
2025-07-17 13:54:25,491 INFO o.a.j.r.d.HtmlTemplateExporter: Will generate dashboard in folder: F:\QA Projects\dMoney_Jmeter-API-chaining\Reports
2025-07-17 13:54:25,731 INFO o.a.j.r.d.HtmlTemplateExporter: Report will be generated in: F:\QA Projects\dMoney_Jmeter-API-chaining\Reports, creating folder structure
2025-07-17 13:54:25,749 INFO o.a.j.r.d.TemplateVisitor: Copying folder from 'G:\JMeter\apache-jmeter-5.6.3\bin\report-template' to 'F:\QA Projects\dMoney_Jmeter-API-chaining\Reports', got message: F:\QA Projects\dMoney_Jmeter-API-chaining\Reports, found non empty folder with following content [F:\QA Projects\dMoney_Jmeter-API-chaining\Reports\statistics.json], will be ignored
2025-07-17 13:54:28,136 INFO o.a.j.JMeter: Dashboard generated
